<?xml version="1.0" encoding="UTF-8"?>
<testng-results skipped="0" failed="0" total="1" passed="1">
  <reporter-output>
  </reporter-output>
  <suite name="Default suite" duration-ms="38" started-at="2019-05-30T03:54:32Z" finished-at="2019-05-30T03:54:32Z">
    <groups>
    </groups>
    <test name="Default test" duration-ms="38" started-at="2019-05-30T03:54:32Z" finished-at="2019-05-30T03:54:32Z">
      <class name="collections.HashMapToArray">
        <test-method status="PASS" signature="HM2Array()[pri:0, instance:collections.HashMapToArray@4ec6a292]" name="HM2Array" duration-ms="19" started-at="2019-05-30T09:24:32Z" finished-at="2019-05-30T09:24:32Z">
          <reporter-output>
          </reporter-output>
        </test-method> <!-- HM2Array -->
      </class> <!-- collections.HashMapToArray -->
    </test> <!-- Default test -->
  </suite> <!-- Default suite -->
</testng-results>
